0 info it worked if it ends with ok
1 verbose cli [ '/Users/Sellis/.nvm/versions/node/v4.2.1/bin/node',
1 verbose cli   '/Users/Sellis/.nvm/versions/node/v4.2.1/bin/npm',
1 verbose cli   'version',
1 verbose cli   '1.0.1' ]
2 info using npm@2.14.7
3 info using node@v4.2.1
4 info git [ 'status', '--porcelain' ]
5 verbose stack Error: Git working directory not clean.
5 verbose stack M README.md
5 verbose stack     at /Users/Sellis/.nvm/versions/node/v4.2.1/lib/node_modules/npm/lib/version.js:171:21
5 verbose stack     at ChildProcess.exithandler (child_process.js:194:7)
5 verbose stack     at emitTwo (events.js:87:13)
5 verbose stack     at ChildProcess.emit (events.js:172:7)
5 verbose stack     at maybeClose (internal/child_process.js:818:16)
5 verbose stack     at Socket.<anonymous> (internal/child_process.js:319:11)
5 verbose stack     at emitOne (events.js:77:13)
5 verbose stack     at Socket.emit (events.js:169:7)
5 verbose stack     at Pipe._onclose (net.js:469:12)
6 verbose cwd /Users/Sellis/Development/tabula-rasa
7 error Darwin 14.5.0
8 error argv "/Users/Sellis/.nvm/versions/node/v4.2.1/bin/node" "/Users/Sellis/.nvm/versions/node/v4.2.1/bin/npm" "version" "1.0.1"
9 error node v4.2.1
10 error npm  v2.14.7
11 error Git working directory not clean.
11 error M README.md
12 error If you need help, you may report this error at:
12 error     <https://github.com/npm/npm/issues>
13 verbose exit [ 1, true ]
